Start testing: Mar 21 15:42 IST
----------------------------------------------------------
1/1 Testing: cpp_test
1/1 Test: cpp_test
Command: "/home/admin1/Downloads/Test_Project/update_item/build/cpp_test"
Directory: /home/admin1/Downloads/Test_Project/update_item/build
"cpp_test" start time: Mar 21 15:42 IST
Output:
----------------------------------------------------------
Tables created successfully
Item updated successfully
Test case T1_1 - passed
Item updated successfully
Test case T1_2 - passed
Item updated successfully
Test case T1_3 - passed
Item updated successfully
Test case T1_4 - passed
Item updated successfully
Test case T1_5 - passed
Item updated successfully
Test case T1_6 - passed
<end of output>
Test time =   0.02 sec
----------------------------------------------------------
Test Passed.
"cpp_test" end time: Mar 21 15:42 IST
"cpp_test" time elapsed: 00:00:00
----------------------------------------------------------

End testing: Mar 21 15:42 IST
