Start testing: Mar 21 15:25 IST
----------------------------------------------------------
1/1 Testing: cpp_test
1/1 Test: cpp_test
Command: "/home/admin1/Downloads/Test_Project/add_item/build/cpp_test"
Directory: /home/admin1/Downloads/Test_Project/add_item/build
"cpp_test" start time: Mar 21 15:25 IST
Output:
----------------------------------------------------------
SQL error: CHECK constraint failed: price >= 0
SQL error: CHECK constraint failed: price >= 0
Tables created successfully
Item added successfully
Test case T1_1 - passed
Item added successfully
Test case T1_2 - passed
Item added successfully
Test case T1_3 - passed
Item added successfully
Test case T1_4 - passed
Item added successfully
Test case T1_5 - passed
Test case T1_6 - failed>>
Test case T1_7 - failed>>
<end of output>
Test time =   0.03 sec
----------------------------------------------------------
Test Passed.
"cpp_test" end time: Mar 21 15:25 IST
"cpp_test" time elapsed: 00:00:00
----------------------------------------------------------

End testing: Mar 21 15:25 IST
