Start testing: Mar 21 15:36 IST
----------------------------------------------------------
1/1 Testing: cpp_test
1/1 Test: cpp_test
Command: "/home/admin1/Downloads/Test_Project/getCustomerId/build/cpp_test"
Directory: /home/admin1/Downloads/Test_Project/getCustomerId/build
"cpp_test" start time: Mar 21 15:36 IST
Output:
----------------------------------------------------------
Tables created successfully
Customer 'ram' not found in the database
Test case TID1_1 - failed
Customer 'sita' not found in the database
Test case TID1_2 - passed
<end of output>
Test time =   0.02 sec
----------------------------------------------------------
Test Passed.
"cpp_test" end time: Mar 21 15:36 IST
"cpp_test" time elapsed: 00:00:00
----------------------------------------------------------

End testing: Mar 21 15:36 IST
