Start testing: Mar 21 15:27 IST
----------------------------------------------------------
1/1 Testing: cpp_test
1/1 Test: cpp_test
Command: "/home/admin1/Downloads/Test_Project/add_order/build/cpp_test"
Directory: /home/admin1/Downloads/Test_Project/add_order/build
"cpp_test" start time: Mar 21 15:27 IST
Output:
----------------------------------------------------------
SQL error: CHECK constraint failed: quantity > 0
Tables created successfully
Order added to the database successfully.
Test case TID1_1 - passed
Test case TID1_2 - failed
Order added to the database successfully.
Test case TID1_3 - passed
Order added to the database successfully.
Test case TID1_4 - passed
Order added to the database successfully.
Test case TID1_5 - passed
<end of output>
Test time =   0.03 sec
----------------------------------------------------------
Test Passed.
"cpp_test" end time: Mar 21 15:27 IST
"cpp_test" time elapsed: 00:00:00
----------------------------------------------------------

End testing: Mar 21 15:27 IST
