Start testing: Mar 21 15:30 IST
----------------------------------------------------------
1/1 Testing: cpp_test
1/1 Test: cpp_test
Command: "/home/admin1/Downloads/Test_Project/add_restaurant/build/cpp_test"
Directory: /home/admin1/Downloads/Test_Project/add_restaurant/build
"cpp_test" start time: Mar 21 15:30 IST
Output:
----------------------------------------------------------
SQL error: near "sqlite3": syntax error
Restaurant added successfully
Test case T1_1 - passed
Restaurant added successfully
Test case T1_2 - passed
Restaurant added successfully
Test case T1_3 - passed
Restaurant added successfully
Test case T1_4 - passed
Restaurant added successfully
Test case T1_5 - passed
Restaurant added successfully
Test case T1_6 - passed
Restaurant added successfully
Test case T1_7 - passed
Restaurant added successfully
Test case T1_8 - passed
<end of output>
Test time =   0.04 sec
----------------------------------------------------------
Test Passed.
"cpp_test" end time: Mar 21 15:30 IST
"cpp_test" time elapsed: 00:00:00
----------------------------------------------------------

End testing: Mar 21 15:30 IST
